<?xml version="1.0" encoding="UTF-8"?>
<!-- Generated by org.testng.reporters.JUnitReportReporter -->
<testsuite hostname="LAPTOP-9HNE711K" failures="0" tests="1" name="Program_s.Package_s.Tesecase5" time="33.884" errors="0" timestamp="2024-07-06T11:05:32 IST" skipped="0">
  <testcase classname="Program_s.Package_s.Tesecase5" name="login" time="33.884"/>
  <system-out/>
</testsuite> <!-- Program_s.Package_s.Tesecase5 -->
