<?xml version="1.0" encoding="UTF-8"?>
<!-- Generated by org.testng.reporters.JUnitReportReporter -->
<testsuite hostname="LAPTOP-9HNE711K" failures="0" tests="1" name="Program_s.Package_s.Testcase2" time="18.864" errors="0" timestamp="2024-07-21T07:48:24 IST" skipped="0">
  <testcase classname="Program_s.Package_s.Testcase2" name="login" time="18.864"/>
  <system-out/>
</testsuite> <!-- Program_s.Package_s.Testcase2 -->
