<?xml version="1.0" encoding="UTF-8"?>
<!-- Generated by org.testng.reporters.JUnitReportReporter -->
<testsuite hostname="LAPTOP-9HNE711K" failures="0" tests="1" name="Program_s.Package_s.Testcase1" time="50.787" errors="0" timestamp="2024-07-21T22:18:43 IST" skipped="0">
  <testcase classname="Program_s.Package_s.Testcase1" name="login" time="50.787"/>
</testsuite> <!-- Program_s.Package_s.Testcase1 -->
